Determining if the pthread_create exist failed with the following output:
Change Dir: /home/mikolaj/C/final/CMakeFiles/CMakeTmp

Run Build Command:"/usr/bin/make" "cmTC_6d464/fast"
/usr/bin/make -f CMakeFiles/cmTC_6d464.dir/build.make CMakeFiles/cmTC_6d464.dir/build
make[1]: Entering directory '/home/mikolaj/C/final/CMakeFiles/CMakeTmp'
Building C object CMakeFiles/cmTC_6d464.dir/CheckSymbolExists.c.o
/usr/bin/cc    -o CMakeFiles/cmTC_6d464.dir/CheckSymbolExists.c.o   -c /home/mikolaj/C/final/CMakeFiles/CMakeTmp/CheckSymbolExists.c
Linking C executable cmTC_6d464
/usr/bin/cmake -E cmake_link_script CMakeFiles/cmTC_6d464.dir/link.txt --verbose=1
/usr/bin/cc      CMakeFiles/cmTC_6d464.dir/CheckSymbolExists.c.o  -o cmTC_6d464 
CMakeFiles/cmTC_6d464.dir/CheckSymbolExists.c.o: In function `main':
CheckSymbolExists.c:(.text+0x1b): undefined reference to `pthread_create'
collect2: error: ld returned 1 exit status
CMakeFiles/cmTC_6d464.dir/build.make:97: recipe for target 'cmTC_6d464' failed
make[1]: *** [cmTC_6d464] Error 1
make[1]: Leaving directory '/home/mikolaj/C/final/CMakeFiles/CMakeTmp'
Makefile:126: recipe for target 'cmTC_6d464/fast' failed
make: *** [cmTC_6d464/fast] Error 2

File /home/mikolaj/C/final/CMakeFiles/CMakeTmp/CheckSymbolExists.c:
/* */
#include <pthread.h>

int main(int argc, char** argv)
{
  (void)argv;
#ifndef pthread_create
  return ((int*)(&pthread_create))[argc];
#else
  (void)argc;
  return 0;
#endif
}

Determining if the function pthread_create exists in the pthreads failed with the following output:
Change Dir: /home/mikolaj/C/final/CMakeFiles/CMakeTmp

Run Build Command:"/usr/bin/make" "cmTC_4580d/fast"
/usr/bin/make -f CMakeFiles/cmTC_4580d.dir/build.make CMakeFiles/cmTC_4580d.dir/build
make[1]: Entering directory '/home/mikolaj/C/final/CMakeFiles/CMakeTmp'
Building C object CMakeFiles/cmTC_4580d.dir/CheckFunctionExists.c.o
/usr/bin/cc   -DCHECK_FUNCTION_EXISTS=pthread_create   -o CMakeFiles/cmTC_4580d.dir/CheckFunctionExists.c.o   -c /usr/share/cmake-3.10/Modules/CheckFunctionExists.c
Linking C executable cmTC_4580d
/usr/bin/cmake -E cmake_link_script CMakeFiles/cmTC_4580d.dir/link.txt --verbose=1
/usr/bin/cc  -DCHECK_FUNCTION_EXISTS=pthread_create    CMakeFiles/cmTC_4580d.dir/CheckFunctionExists.c.o  -o cmTC_4580d -lpthreads 
/usr/bin/ld: cannot find -lpthreads
collect2: error: ld returned 1 exit status
CMakeFiles/cmTC_4580d.dir/build.make:97: recipe for target 'cmTC_4580d' failed
make[1]: *** [cmTC_4580d] Error 1
make[1]: Leaving directory '/home/mikolaj/C/final/CMakeFiles/CMakeTmp'
Makefile:126: recipe for target 'cmTC_4580d/fast' failed
make: *** [cmTC_4580d/fast] Error 2


Performing C SOURCE FILE Test CMAKE_HAVE_LIBC_PTHREAD failed with the following output:
Change Dir: /home/mikolaj/C/final/CMakeFiles/CMakeTmp

Run Build Command(s):/usr/bin/make cmTC_da999/fast && /usr/bin/make  -f CMakeFiles/cmTC_da999.dir/build.make CMakeFiles/cmTC_da999.dir/build
make[1]: Entering directory '/home/mikolaj/C/final/CMakeFiles/CMakeTmp'
Building C object CMakeFiles/cmTC_da999.dir/src.c.o
/usr/bin/cc   -DCMAKE_HAVE_LIBC_PTHREAD   -o CMakeFiles/cmTC_da999.dir/src.c.o   -c /home/mikolaj/C/final/CMakeFiles/CMakeTmp/src.c
Linking C executable cmTC_da999
/snap/clion/137/bin/cmake/linux/bin/cmake -E cmake_link_script CMakeFiles/cmTC_da999.dir/link.txt --verbose=1
/usr/bin/cc  -DCMAKE_HAVE_LIBC_PTHREAD    CMakeFiles/cmTC_da999.dir/src.c.o  -o cmTC_da999 
CMakeFiles/cmTC_da999.dir/src.c.o: In function `main':
src.c:(.text+0x3e): undefined reference to `pthread_create'
src.c:(.text+0x4a): undefined reference to `pthread_detach'
src.c:(.text+0x56): undefined reference to `pthread_cancel'
src.c:(.text+0x67): undefined reference to `pthread_join'
src.c:(.text+0x7b): undefined reference to `pthread_atfork'
collect2: error: ld returned 1 exit status
CMakeFiles/cmTC_da999.dir/build.make:106: recipe for target 'cmTC_da999' failed
make[1]: *** [cmTC_da999] Error 1
make[1]: Leaving directory '/home/mikolaj/C/final/CMakeFiles/CMakeTmp'
Makefile:141: recipe for target 'cmTC_da999/fast' failed
make: *** [cmTC_da999/fast] Error 2


Source file was:
#include <pthread.h>

void* test_func(void* data)
{
  return data;
}

int main(void)
{
  pthread_t thread;
  pthread_create(&thread, NULL, test_func, NULL);
  pthread_detach(thread);
  pthread_cancel(thread);
  pthread_join(thread, NULL);
  pthread_atfork(NULL, NULL, NULL);
  pthread_exit(NULL);

  return 0;
}

