Determining if the pthread_create exist failed with the following output:
Change Dir: /home/mikolaj/C/os/Mikolaj_Golowski/Niekonczace_sie_skakanie/CMakeFiles/CMakeTmp

Run Build Command:"/usr/bin/make" "cmTC_cf6cd/fast"
/usr/bin/make -f CMakeFiles/cmTC_cf6cd.dir/build.make CMakeFiles/cmTC_cf6cd.dir/build
make[1]: Entering directory '/home/mikolaj/C/os/Mikolaj_Golowski/Niekonczace_sie_skakanie/CMakeFiles/CMakeTmp'
Building C object CMakeFiles/cmTC_cf6cd.dir/CheckSymbolExists.c.o
/usr/bin/cc    -o CMakeFiles/cmTC_cf6cd.dir/CheckSymbolExists.c.o   -c /home/mikolaj/C/os/Mikolaj_Golowski/Niekonczace_sie_skakanie/CMakeFiles/CMakeTmp/CheckSymbolExists.c
Linking C executable cmTC_cf6cd
/usr/bin/cmake -E cmake_link_script CMakeFiles/cmTC_cf6cd.dir/link.txt --verbose=1
/usr/bin/cc      CMakeFiles/cmTC_cf6cd.dir/CheckSymbolExists.c.o  -o cmTC_cf6cd 
CMakeFiles/cmTC_cf6cd.dir/CheckSymbolExists.c.o: In function `main':
CheckSymbolExists.c:(.text+0x1b): undefined reference to `pthread_create'
collect2: error: ld returned 1 exit status
CMakeFiles/cmTC_cf6cd.dir/build.make:97: recipe for target 'cmTC_cf6cd' failed
make[1]: *** [cmTC_cf6cd] Error 1
make[1]: Leaving directory '/home/mikolaj/C/os/Mikolaj_Golowski/Niekonczace_sie_skakanie/CMakeFiles/CMakeTmp'
Makefile:126: recipe for target 'cmTC_cf6cd/fast' failed
make: *** [cmTC_cf6cd/fast] Error 2

File /home/mikolaj/C/os/Mikolaj_Golowski/Niekonczace_sie_skakanie/CMakeFiles/CMakeTmp/CheckSymbolExists.c:
/* */
#include <pthread.h>

int main(int argc, char** argv)
{
  (void)argv;
#ifndef pthread_create
  return ((int*)(&pthread_create))[argc];
#else
  (void)argc;
  return 0;
#endif
}

Determining if the function pthread_create exists in the pthreads failed with the following output:
Change Dir: /home/mikolaj/C/os/Mikolaj_Golowski/Niekonczace_sie_skakanie/CMakeFiles/CMakeTmp

Run Build Command:"/usr/bin/make" "cmTC_e62bd/fast"
/usr/bin/make -f CMakeFiles/cmTC_e62bd.dir/build.make CMakeFiles/cmTC_e62bd.dir/build
make[1]: Entering directory '/home/mikolaj/C/os/Mikolaj_Golowski/Niekonczace_sie_skakanie/CMakeFiles/CMakeTmp'
Building C object CMakeFiles/cmTC_e62bd.dir/CheckFunctionExists.c.o
/usr/bin/cc   -DCHECK_FUNCTION_EXISTS=pthread_create   -o CMakeFiles/cmTC_e62bd.dir/CheckFunctionExists.c.o   -c /usr/share/cmake-3.10/Modules/CheckFunctionExists.c
Linking C executable cmTC_e62bd
/usr/bin/cmake -E cmake_link_script CMakeFiles/cmTC_e62bd.dir/link.txt --verbose=1
/usr/bin/cc  -DCHECK_FUNCTION_EXISTS=pthread_create    CMakeFiles/cmTC_e62bd.dir/CheckFunctionExists.c.o  -o cmTC_e62bd -lpthreads 
/usr/bin/ld: cannot find -lpthreads
collect2: error: ld returned 1 exit status
CMakeFiles/cmTC_e62bd.dir/build.make:97: recipe for target 'cmTC_e62bd' failed
make[1]: *** [cmTC_e62bd] Error 1
make[1]: Leaving directory '/home/mikolaj/C/os/Mikolaj_Golowski/Niekonczace_sie_skakanie/CMakeFiles/CMakeTmp'
Makefile:126: recipe for target 'cmTC_e62bd/fast' failed
make: *** [cmTC_e62bd/fast] Error 2


